<?xml version="1.0" encoding="UTF-8"?>
<testng-results ignored="0" total="1" passed="1" failed="0" skipped="0">
  <reporter-output>
  </reporter-output>
  <suite started-at="2023-12-19T09:45:54 EST" name="Default suite" finished-at="2023-12-19T09:46:18 EST" duration-ms="24053">
    <groups>
    </groups>
    <test started-at="2023-12-19T09:45:54 EST" name="Default test" finished-at="2023-12-19T09:46:18 EST" duration-ms="24053">
      <class name="tests.TestRecipeScraping">
        <test-method signature="testScrapingEcommerce()[pri:0, instance:tests.TestRecipeScraping@35ef1869]" started-at="2023-12-19T09:45:54 EST" name="testScrapingEcommerce" finished-at="2023-12-19T09:46:18 EST" duration-ms="23969" status="PASS">
          <reporter-output>
          </reporter-output>
        </test-method> <!-- testScrapingEcommerce -->
      </class> <!-- tests.TestRecipeScraping -->
    </test> <!-- Default test -->
  </suite> <!-- Default suite -->
</testng-results>
